<?xml version="1.0" encoding="UTF-8"?>
<!-- Generated by org.testng.reporters.JUnitReportReporter -->
<testsuite hostname="DESKTOP-SRI4VIG" failures="0" tests="1" name="TestLayer.RegistrationTest" time="1.794" errors="0" timestamp="2023-12-28T16:16:35 IST" skipped="0">
  <testcase classname="TestLayer.RegistrationTest" name="validateRegistrationFunctionality" time="1.794"/>
  <system-out/>
</testsuite> <!-- TestLayer.RegistrationTest -->
